<?xml version="1.0" encoding="UTF-8"?>
<!-- Generated by org.testng.reporters.JUnitReportReporter -->
<testsuite hostname="DESKTOP-EMJQNBH" failures="0" tests="2" name="com.kroger.qa.automation.appium.framework.TestRunner2" time="8.401" errors="0" timestamp="2022-12-23T14:16:54 ICT" skipped="0">
  <testcase classname="com.kroger.qa.automation.appium.framework.TestRunner2" name="test2" time="0.348"/>
  <system-out/>
  <testcase classname="com.kroger.qa.automation.appium.framework.TestRunner2" name="test3" time="8.053"/>
  <system-out/>
</testsuite> <!-- com.kroger.qa.automation.appium.framework.TestRunner2 -->
