<?xml version="1.0" encoding="UTF-8"?>
<!-- Generated by org.testng.reporters.JUnitReportReporter -->
<testsuite hostname="DESKTOP-EMJQNBH" failures="0" tests="2" name="com.kroger.qa.automation.appium.framework.TestRunner" time="12.175" errors="0" timestamp="2022-12-23T14:16:54 ICT" skipped="0">
  <testcase classname="com.kroger.qa.automation.appium.framework.TestRunner" name="test1" time="0.007"/>
  <system-out/>
  <testcase classname="com.kroger.qa.automation.appium.framework.TestRunner" name="test" time="12.168"/>
  <system-out/>
</testsuite> <!-- com.kroger.qa.automation.appium.framework.TestRunner -->
